  Alignment 0  KEY: ( ) = guessed, * = sure, ? = possible
  ---
 |(*) | <NON-VERSE>
  ---
   < 
   N 
   O 
   N 
   - 
   V 
   E 
   R 
   S 
   E 
   > 

  Alignment 1  KEY: ( ) = guessed, * = sure, ? = possible
  ------------------------------------------------
 |(*)                                              | Paulus
 |   (*)                                           | ,
 |      ( )                                        | ein
 |                  (*)                            | durch
 |                         ?       ( )             | den
 |                        (*)                      | Willen
 |                     (*)                         | Gottes
 |      (*)                                        | berufener
 |         (*)                                     | Apostel
 |            (*)                                  | Jesu
 |               (*)                               | Christi
 |   ( )                      *                    | ,
 |                              (*)                | und
 |      ( )                               *        | ein
 |                                 ( )       *     | Mitbruder
 |                                 (*)             | Sosthenes
 |   ( )                                           | :
  ------------------------------------------------
   P  ,  b  A  J  C  d  G  W  ,  u  S  ,  d  B  , 
   a     e  p  e  h  u  o  i     n  o     e  r    
   u     r  o  s  r  r  t  l     d  s     r  u    
   l     u  s  u  i  c  t  l        t        d    
   u     f  t     s  h  e  e        h        e    
   s     e  e     t     s  n        e        r    
         n  l     i                 n             
         e                          e             
         r                          s             

  Alignment 2  KEY: ( ) = guessed, * = sure, ? = possible
  ---------------------------------------------------------------------------------------------------------------------
 | *                                              ( )                                                                   | Der
 |   (*)                                                                                                                | Kirche
 |      (*)                                                                                                             | Gottes
 |         (*)                                                                                                          | ,
 |         ( )    *                                                                                                     | zu
 |                  (*)                                                                                                 | Corinth
 |         ( )             *                                                                                            | ,
 |                           (*)                                                                                        | den
 |                              (*)                                                                                     | Geheiligten
 |               ( )                *                                                                                   | in
 |                                    (*)                                                                               | Christo
 |                                       (*)                                                                            | Jesu
 |         ( )                               *                                                                          | ,
 |                                                                                                            ( )       | und
 |                                                ( )                                                                   | denen
 |         ( )                                                                                                          | ,
 |            ( )                               *                                                                       | die
 |                                                (*)                                                                   | berufen
 |                                                         ( )                                                          | sind
 |         ( )                                           *                                                              | ,
 |                              ( )                   *                                                                 | heilig
 |         ( )                                                                                                          | zu
 |                                                                           ( )                                        | seyn
 |         ( )                                                    *                                                     | ,
 |                                                         (*)                                                          | sammt
 |                                                            (*)                                                       | allen
 |         ( )                                                                                                          | ,
 |            ( )                                                    *                                                  | die
 |                                                                     (*)                                              | an
 |                                                            ( )          *                                            | allen
 |                                                                           (*)                                        | Orten
 |         ( )                                                                                                          | ,
 |                                                         ( )                                                          | wo
 |            ( )                                                             *                                         | sie
 |                                                                                                            (*)       | und
 |                                                         ( )                                                    *     | wir
 |                                                         ( )                                                          | sind
 |         ( )                                                                                                          | ,
 |                           ( )                                                    *                                   | den
 |                                                                                    (*)                               | Namen
 |                                                                                       (*)                            | unsers
 |                                                                                          (*)                         | Herrn
 |                                       ( )                                                    *                       | Jesu
 |                                                                                                (*)                   | Christi
 |                                                                              ( )                                     | anrufen
 |                                                                                                                  (*) | .
  ---------------------------------------------------------------------------------------------------------------------
   d  V  G  ,  d  i  K  i  ,  d  G  i  C  J  ,  d  b  H  ,  s  a  ,  d  a  a  O  a  d  N  u  H  J  C  ,  b  i  u  u  . 
   e  e  o     i  n  o  s     e  e  n  h  e     e  e  e     a  l     i  n  l  r  n  e  a  n  e  e  h     e  h  n  n    
   r  r  t     e     r  t     n  h     r  s     n  r  i     m  l     e     l  t  r  n  m  s  r  s  r     i  r  d  s    
      s  t           i           e     i  u        u  l     t  e           e  e  u     e  e  r  u  i     d  e     e    
      a  e           n           i     s           f  i        n           n  n  f     n  r  n     s     e  s     r    
      m  s           t           l     t           e  g                          e        s        t     s        s    
      m              h           i     o           n  e                          n                 i                   
      l                          g                 e  n                                                                
      u                          t                 n                                                                   
      n                          e                                                                                     
      g                          n                                                                                     

  Alignment 3  KEY: ( ) = guessed, * = sure, ? = possible
  ------------------------------------------------
 |(*)                                              | Gnade
 |         ( )                                     | sey
 |         ( )                                     | mit
 |   (*)                                           | euch
 |                  ( )                            | ,
 |      (*)                                        | und
 |         (*)                                     | Friede
 |            (*)                                  | von
 |               (*)                               | Gott
 |                     (*)                         | unserm
 |                        (*)                      | Vater
 |                  ( )       *                    | ,
 |      ( )                      *                 | und
 |                                 (*)             | dem
 |                                    (*)          | Herrn
 |                                       (*)       | Jesu
 |                                          (*)    | Christo
 |                                             (*) | .
  ------------------------------------------------
   G  e  u  F  v  G  ,  u  V  ,  u  d  H  J  C  ! 
   n  u  n  r  o  o     n  a     n  e  e  e  h    
   a  c  d  i  n  t     s  t     d  m  r  s  r    
   d  h     e     t     e  e           r  u  i    
   e        d           r  r           n     s    
            e           m                    t    
                                             o    

  Alignment 4  KEY: ( ) = guessed, * = sure, ? = possible
  ---------------------------------------------------------
 |(*)                                                       | Jch
 |   (*)                                                    | danke
 |      (*)                                                 | meinem
 |   ( )    *                                               | Gotte
 |            (*)                                           | allezeit
 |                * ( )                                     | für
 |                *                   ( )                   | euch
 |               ( ) *                                      | wegen
 |                      *                   ( )             | der
 |                        (*)                               | Gnade
 |                           (*)                            | Gottes
 |                              (*)                         | ,
 |                     ( )          *                       | die
 |                                    (*)                   | euch
 |               ( )                            *           | durch
 |                                                (*)       | Christum
 |               ( )                                  *     | Jesum
 |                                          (*)             | ist
 |                                       ( ) ?              | gegeben
 |               ( )                         ?              | worden
 |                              ( )                      *  | ,
  ---------------------------------------------------------
   I  d  m  G  a  e  f  d  G  G  ,  d  e  g  i  i  C  J  , 
   c  a  e  o  l  u  ü  i  n  o     i  u  e  s  n  h  e    
   h  n  i  t  l  e  r  e  a  t     e  c  g  t     r  s    
      k  n  t  e  r        d  t        h  e        i  u    
      e  e     z  t        e  e           b        s       
         m     e  h           s           e        t       
               i  a                       n        o       
               t  l                                        
                  b                                        
                  e                                        
                  n                                        

  Alignment 5  KEY: ( ) = guessed, * = sure, ? = possible
  ------------------------------------------------------------
 | *                ( )                                        | Daß
 |   (*)                                                       | ihr
 |       *             ( )                                     | durch
 |         (*)                                                 | ihn
 |      ( )    *                                               | in
 |               (*)                                           | allen
 |               ( ) *                                         | Dingen
 |                              (*)                            | ,
 |      ( )                         *                          | in
 |               ( )                   *                       | allen
 |               ( )                      *                    | Worten
 |                              ( )                            | ,
 |                                                (*)          | und
 |      ( )                         *                          | in
 |                                                   (*)       | aller
 |                                                      (*)    | Erkenntniß
 |                  (*)                                        | reich
 |                        (*)                                  | geworden
 |                           (*)                               | seyd
 |                              ( )                         *  | ,
  ------------------------------------------------------------
   d  i  i  i  i  a  r  g  w  s  ,  i  a  W  d  L  u  a  E  , 
   a  h  n  h  n  l  e  e  o  e     n  l  o  e  e  n  l  r    
   ß  r     m     l  i  m  r  i        l  r  r  h  d  l  k    
                  e  c  a  d  d        e  t     r     e  e    
                  m  h  c  e           m        e     r  n    
                        h  n                             n    
                        t                                t    
                                                         n    
                                                         i    
                                                         ß    

  Alignment 6  KEY: ( ) = guessed, * = sure, ? = possible
  ---------------------------------
 | *                   ( )          | Wie
 |   (*)                            | das
 |      (*)                         | Zeugniß
 |          *          ( )          | vom
 |            (*)                   | Christo
 |                *       ( )       | in
 |                  (*)             | euch
 |                           (*)    | ist
 |                     (*)          | bestätiget
 |                        (*)       | worden
 |                              (*) | .
  ---------------------------------
   w  d  Z  d  C  u  e  b  w  i  , 
   i  a  e  e  h  n  u  e  o  s    
   e  s  u  s  r  t  c  s  r  t    
         g     i  e  h  t  d       
         n     s  r     ä  e       
         i     t        t  n       
         ß     u        i          
               s        g          
                        t          

  Alignment 7  KEY: ( ) = guessed, * = sure, ? = possible
  ---------------------------------------------------------
 | *                                                 ( )    | Dergestalt
 |                        ( )                               | ,
 |   (*)                                                    | daß
 |( )                                                       | es
 |                     ( )                                  | euch
 |                        ( )                               | ,
 |                            *    ( )                      | die
 |      ( )                      *                          | ihr
 |                  ( )                                     | auf
 |                                 (*)                      | die
 |                                    (*)                   | Offenbarung
 |                                             (*)          | Jesu
 |                                                (*)       | Christi
 |                                                   (*)    | wartet
 |                        ( )                               | ,
 |          *                                        ( )    | an
 |            (*)                                           | keiner
 |               (*)                                        | Gnade
 |                   *                               ( )    | mangelt
 |                        ( )                            *  | .
  ---------------------------------------------------------
   s  d  i  i  k  G  M  h  ,  i  i  d  O  u  H  J  C  e  , 
   o  a  h  n  e  n  a  a     n  h  i  f  n  e  e  h  r    
      ß  r     i  a  n  b     d  r  e  f  s  r  s  r  w    
               n  d  g  t     e        e  e  r  u  i  a    
               e  e  e        m        n  r  n     s  r    
               r  n  l                 b  s        t  t    
                  g                    a           i  e    
                  a                    r              t    
                  b                    u                   
                  e                    n                   
                                       g                   

  Alignment 8  KEY: ( ) = guessed, * = sure, ? = possible
  ---------------------------------------------------------------------
 |(*)                                                                   | Der
 |   (*)                                                                | euch
 |      (*)                                                             | auch
 |               (*)                                                    | bis
 |                   *       ( )                                        | zum
 |                           (*)                                        | Ende
 |         (*)                                                          | stärken
 |            (*)                                                       | wird
 |                              (*)                                     | ,
 |                                 (*)                                  | damit
 |                                    (*)                               | ihr
 |                                       ( )    *                       | am
 |                                                   (*)                | Tage
 |( )                                                                   | der
 |                                       ( )                            | Zukunft
 |                                                      (*)             | unsers
 |                                                         ( )          | Herrn
 |                                                          * ( )       | Jesu
 |                                                               (*)    | Christi
 |                                       (*)                            | unsträflich
 |                                          (*)                         | seyd
 |                                                                  (*) | .
  ---------------------------------------------------------------------
   w  e  a  b  w  b  a  '  s  E  ,  d  i  t  s  a  d  T  u  H  J  C  . 
   e  u  u  e  i  i  n        n     a  h  a  e  n  e  a  n  e  e  h    
   l  c  c  f  r  s           d     ß  r  d  i     m  g  s  r  s  r    
   c  h  h  e  d              e           e  d        e  e  r  u  i    
   h        s                             l              r  n     s    
   e        t                             l              s        t    
   r        i                             o                       i    
            g                             s                            
            e                                                          
            n                                                          

  Alignment 9  KEY: ( ) = guessed, * = sure, ? = possible
  ------------------------------------------------------------
 |      ( )                                                    | Denn
 |(*)                                                          | Gott
 |         ( )                                                 | ,
 |            (*)                                              | durch
 |               (*)                                           | welchen
 |                  (*)                                        | ihr
 |         ( )                *                                | zu
 |            ( )                *                             | der
 |                                 (*)                         | Gemeinschaft
 |                                    (*)                      | seines
 |                                       (*)                   | Sohnes
 |                                                   (*)       | unsers
 |                                                      (*)    | Herrn
 |                                          (*)                | Jesu
 |                                             (*)             | Christi
 |                     ( )                                     | berufen
 |                        (*)                                  | seyd
 |         ( )                                     *           | ,
 |   (*)                                                       | ist
 |      (*)                                                    | getreu
 |                                                         (*) | .
  ------------------------------------------------------------
   G  i  t  ,  d  w  i  b  s  i  d  G  s  S  J  C  ,  u  H  . 
   o  s  r     u  e  h  e  e  n  i  e  e  o  e  h     n  e    
   t  t  e     r  l  r  r  i     e  m  i  h  s  r     s  r    
   t     u     c  c     u  d        e  n  n  u  i     e  r    
               h  h     f           i  e  e     s     r  n    
                  e     e           n  s  s     t     s       
                  n     n           s           i             
                                    c                         
                                    h                         
                                    a                         
                                    f                         
                                    t                         

  Alignment 10  KEY: ( ) = guessed, * = sure, ? = possible
  ------------------------------------------------------------------------------------------------------------------------------
 |(*)                                                                                                                            | Jch
 |   (*)                                                                                                                         | bitte
 |      (*)                                                                                                                      | euch
 |         (*)                                                                                                                   | aber
 |            (*)                                                                                                                | ,
 |               ( )                                                                                                             | liebe
 |               (*)                                                                                                             | Brüder
 |            ( )    *  *                                                                                                        | ,
 |                     ( )                                                                                                       | durch
 |                        (*)                                                                                                    | den
 |                           (*)                                                                                                 | Namen
 |                              (*)                                                                                              | unsers
 |                                 (*)                                                                                           | Herrn
 |                                    (*)                                                                                        | Jesu
 |                                       (*)                                                                                     | Christi
 |            ( )                            *                                                                                   | ,
 |                                             (*)                                                                               | daß
 |                                                (*)                *                                                           | ihr
 |                                                    *                ( )                                                       | allzumal
 |                                                       *                                           ( )                         | einerley
 |                                                          *                                        ( )                         | Rede
 |                                                          *                                        ( )                         | führet
 |            ( )                                              *                                                                 | ,
 |                                                               (*)                                                             | und
 |                                             ( )                                                                               | daß
 |                                                                        (*)                                                    | unter
 |      ( )                                                                   *                                                  | euch
 |                                                                                                               ( )             | keine
 |                                                                     (*)                                                       | Trennungen
 |                                                                              (*)                                              | seyn
 |                                                                                     *                                     ( ) | :
 |                                                                                    ( )                                        | sondern
 |                                             ( )                                        *                                      | daß
 |                                                ( )                                        *                                   | ihr
 |                                                                                             (*)                               | in
 |                                                                                                (*)                            | einem
 |                                                                                                   (*)                         | Sinne
 |            ( )                                                                                                                | ,
 |                                                               ( )                                     *                       | und
 |                                                                                             ( )          *                    | in
 |                                                                                                             * ( )             | einer
 |                                                                                                               (*)             | Meynung
 |                                                                                                                  (*)          | völlig
 |                                                                     ( )                                              *        | vereiniget
 |                                                                                                                        (*)    | seyd
 |                                                                                                                           (*) | .
  ------------------------------------------------------------------------------------------------------------------------------
   I  e  e  a  ,  B  ,  d  d  N  u  H  J  C  ,  d  i  a  d  r  ,  u  n  S  u  e  s  ,  s  d  i  i  d  S  u  i  d  M  v  z  s  . 
   c  r  u  b     r     u  e  a  n  e  e  h     a  h  l  a  e     n  i  p  n  u  e     o  a  h  n  e  i  n  n  e  e  ö  u  e    
   h  m  c  e     ü     r  n  m  s  r  s  r     ß  r  l  s  d     d  c  a  t  c  i     n  ß  r     m  n  d     r  i  l  s  i    
      a  h  r     d     c     e  e  r  u  i           e  s  e        h  l  e  h  e     d           s  n        s  n  l  a  d    
      h           e     h     n  r  n     s              e  t        t  t  r     n     e           e  e        e  u  i  m       
      n           r              s        t              l              u              r           l           l  n  g  m       
      e                                   i              b              n              n           b           b  g     e       
                                                         e              g                          e           e        n       
                                                                        e                          n           n        g       
                                                                        n                                               e       
                                                                                                                        f       
                                                                                                                        ü       
                                                                                                                        g       
                                                                                                                        t       

  Alignment 11  KEY: ( ) = guessed, * = sure, ? = possible
  ---------------------------------------------------------------------
 |(*)                                                                   | Denn
 |   (*)                                                                | es
 |      (*)                                                             | ist
 |         (*)                                                          | mir
 |            (*)                                                       | von
 |               (*)                                                    | euch
 |                        (*)                                           | ,
 |                           (*)                                        | meine
 |                              (*)                                     | Brüder
 |                        ( )       *                                   | ,
 |                                    (*)                               | durch
 |                                        *                      ( )    | die
 |                                              *       ( )             | Angehörigen
 |                                       ( )                            | der
 |                                          (*)                         | Chloes
 |                  (*)                                                 | kund
 |                      *                   ( )                         | gethan
 |                      *                   ( )                         | worden
 |                        ( )                      *                    | ,
 |                                                   (*)                | daß
 |                                                      (*)             | Uneinigkeiten
 |                                                         (*) *        | unter
 |               ( )                                           *        | euch
 |                                                               (*)    | sind
 |                                                                  (*) | .
  ---------------------------------------------------------------------
   D  e  i  m  v  e  k  g  ,  m  B  ,  d  d  C  H  ,  d  S  u  e  s  . 
   e  s  s  i  o  u  u  e     e  r     u  e  h  a     a  t  n  u  i    
   n     t  r  n  c  n  w     i  ü     r  r  l  u     ß  r  t  c  n    
   n              h  d  o     n  d     c     o  s        e  e  h  d    
                        r     e  e     h     e  g        i  r          
                        d        r              e        t             
                        e                       n        i             
                        n                       o        g             
                                                s        k             
                                                s        e             
                                                e        i             
                                                n        t             
                                                         e             
                                                         n             

  Alignment 12  KEY: ( ) = guessed, * = sure, ? = possible
  ---------------------------------------------------------------------------------------------
 |(*)                                                                                           | Jch
 |                                                            ( )                               | will
 |    *                         ( )                                                             | sagen
 |            (*)                                                                               | ,
 |               (*)                                                                            | daß
 |                  (*)                                                                         | ein
 |                     (*)                                                                      | jeder
 |                         *                                                 ( )                | unter
 |                           (*)                                                                | euch
 |                              (*)                                                             | spricht
 |                                 (*)                                                          | :
 |( )                                  *                                                        | Jch
 |                                        *                   ( )                               | hänge
 |                                           *                ( )                               | dem
 |                                             (*)                                              | Paulus
 |                                        *                   ( )                               | an
 |            ( )                                  *                                            | ,
 |                                                      (*)                                     | ich
 |                                                          * ( )                               | dem
 |                                                            (*)                               | Apollo
 |            ( )                                                 *                             | ,
 |                                                      ( )             *                       | ich
 |                                                            ( )          *                    | dem
 |                                                                           (*)                | Cephas
 |            ( )                                                                *              | ,
 |                                                      ( )                            *        | ich
 |                                                            ( )                         *     | dem
 |                                                                                       (*)    | Christus
 |                                                                                          (*) | .
  ---------------------------------------------------------------------------------------------
   I  s  a  d  ,  d  e  j  v  e  s  :  I  b  d  P  ,  u  i  d  A  ,  u  i  d  K  ,  u  i  C  . 
   c  a  b  i     a  i  e  o  u  a     c  i  e  a     n  c  e  p     n  c  e  e     n  c  h    
   h  g  e  e     ß  n  g  n  c  g     h  n  s  u     d  h  s  o     d  h  s  p     d  h  r    
      e  r  s           l     h  t              l              l              h           i    
            e           i                       u              l              a           s    
            s           c                       s              o              s           t    
                        h                                      s                          i    
                        e                                                                      
                        r                                                                      

  Alignment 13  KEY: ( ) = guessed, * = sure, ? = possible
  ------------------------------------------------------------
 |(*)                                                          | Jst
 |    *    ( )                                                 | denn
 |      (*)                                                    | Christus
 |         (*)                                                 | zertheilet
 |            (*)                                              | ?
 |( )             *                                            | Jst
 |         ( )                                                 | denn
 |                  (*)                                        | Paulus
 |                     (*)                                     | für
 |                        (*)                                  | euch
 |                           (*)                               | gekreuziget
 |                                                      (*)    | worden
 |            ( )                *                             | ?
 |                                 (*)                         | oder
 |                                    (*)                      | seyd
 |                                       (*)                   | ihr
 |         ( )                               *                 | im
 |                                                (*)          | Namen
 |         ( )                                                 | des
 |                  ( )                         *              | Paulus
 |                                                   (*)       | getaufet
 |            ( )                                           *  | ?
  ------------------------------------------------------------
   I  d  C  z  ?  I  P  f  e  g  ,  o  s  i  a  P  N  g  w  ? 
   s  e  h  e     s  a  ü  u  e     d  e  h  u  a  a  e  o    
   t  r  r  r     t  u  r  c  k     e  i  r  f  u  m  t  r    
         i  t        l     h  r     r  d        l  e  a  d    
         s  h        u        e                 u  n  u  e    
         t  e        s        u                 s     f  n    
         u  i                 z                       t       
         s  l                 i                               
            e                 g                               
            t                 t                               

  Alignment 14  KEY: ( ) = guessed, * = sure, ? = possible
  ------------------------------------------------------------------
 |(*)                                                                | Jch
 |   (*)                                                             | habe
 |      (*)                                                          | aber
 |         (*)                                                       | auch
 |            (*)                                                    | die
 |                *    ( )                                           | Hausgenossen
 |                     (*)                                           | Stephans
 |                        (*)                                        | getaufet
 |                           (*)                                     | :
 |                     ( )       *                                   | ferner
 |                                 (*)                               | weis
 |                                    (*)                            | ich
 |                                       (*)                         | nicht
 |                                          (*)                      | ,
 |                                             (*)                   | ob
 |                                    ( )          *                 | ich
 |                                                   (*)             | jemand
 |                                                      (*)          | andern
 |                        ( )                               *        | getaufet
 |   ( )                                                       *     | habe
 |                                                               (*) | .
  ------------------------------------------------------------------
   I  h  a  a  d  H  d  S  g  ;  s  w  i  n  ,  o  i  j  a  g  h  . 
   c  a  b  u  a  a  e  t  e     o  e  c  i     b  c  e  n  e  a    
   h  b  e  c  s  u  s  e  t     n  i  h  c        h  m  d  t  b    
      e  r  h     s     p  a     s  ß     h           a  e  a  e    
                        h  u     t        t           n  r  u       
                        a  f                          d  s  f       
                        n  t                                t       
                        a                                           
                        s                                           

Precision = 0.579412
Recall = 0.656667
AER = 0.384375
