  Alignment 0  KEY: ( ) = guessed, * = sure, ? = possible
  ------------------------------------------------------------------------------------------------------
 |(*)                                                                                                    | Noah
 |    *    ( )                                                                                           | ,
 |      (*)                                                                                              | Sem
 |         (*)                                                                                           | ,
 |            (*)                                                                                        | Ham
 |                  (*)                                                                                  | und
 |                     (*)                                                                               | Japhet
 |                        (*)                                                                            | .
 |                           (*)                                                                         | Die
 |                              (*)                                                                      | Söhne
 |                                     *                      ( )                                        | Japhets
 |                                       (*)                                                             | :
 |                                          (*)                                                          | Gomer
 |                  ( )                            *                                                     | und
 |                                                   (*)                                                 | Magog
 |                  ( )                                     *                                            | und
 |                                                            (*)                                        | Madai
 |                  ( )                                              *                                   | und
 |                                                                     (*)                               | Javan
 |                  ( )                                                       *                          | und
 |                                                                              (*)                      | Thubal
 |                  ( )                                                                *                 | und
 |                                                                                       (*)             | Mesech
 |                  ( )                                                                         *        | und
 |                                                                                                (*)    | Thiras
 |                        ( )                                                                         *  | .
  ------------------------------------------------------------------------------------------------------
   N  ;  S  ,  H  ,  a  J  .  T  s  o  J  :  G  ,  a  M  ,  a  M  ,  a  J  ,  a  T  ,  a  M  ,  a  T  . 
   o     h     a     n  a     h  o  f  a     o     n  a     n  a     n  a     n  u     n  e     n  i    
   a     e     m     d  p     e  n     p     m     d  g     d  d     d  v     d  b     d  s     d  r    
   h     m              h        s     h     e        o        a        a        a        h        a    
                        e              e     r        g        i        n        l        e        s    
                        t              t                                                  c             
                        h              h                                                  h             

  Alignment 1  KEY: ( ) = guessed, * = sure, ? = possible
  ---------------------------------------
 |(*)                                     | Die
 |   (*)                                  | Söhne
 |         (*)                            | Hams
 |            (*)                         | :
 |               (*)                      | Kusch
 |                  (*)                   | und
 |                     (*)                | Mizraim
 |                        (*)             | ,
 |                           (*)          | Put
 |                  ( )          *        | und
 |                                 (*)    | Kanaan
 |                                    (*) | .
  ---------------------------------------
   T  s  o  H  :  C  a  M  ,  P  a  C  . 
   h  o  f  a     u  n  i     h  n  a    
   e  n     m     s  d  z     u  d  n    
      s           h     r     t     a    
                        a           a    
                        i           n    
                        m                

  Alignment 2  KEY: ( ) = guessed, * = sure, ? = possible
  ------------------------------------------------------------------------------------------
 |   (*)                                                                                     | Und
 |      (*)                                                                                  | die
 |         (*)                                                                               | Söhne
 |               (*)                                                                         | Kusch
 |                                                      ( )                                  | '
 |                  (*)                                                                      | :
 |                      *                                                       ( )          | Seba
 |                        (*)                                                                | und
 |                           (*)                                                             | Hevila
 |                        ( )       *                                                        | und
 |                                     *                ( )                                  | Sabtha
 |                        ( )                *                                               | und
 |                                              *                         ( )                | Raema
 |                        ( )                         *                                      | und
 |                                    ( )                *                                   | Sabthecha
 |                                                         (*)                               | .
 |   ( )                                                       *                             | Und
 |      ( )                                                       *                          | die
 |         ( )                                                       *                       | Söhne
 |                                                                        (*)                | Raema
 |                                    ( )                                                    | ’
 |                                                                      *       ( )          | s
 |                  ( )                                                       *              | :
 |                                                                              (*)          | Seba
 |                        ( )                                                       *        | und
 |                                                                                    (*)    | Dedan
 |                                                         ( )                            *  | .
  ------------------------------------------------------------------------------------------
   —  A  t  s  o  C  :  S  a  H  ,  a  S  ,  a  R  ,  a  S  .  A  t  s  o  R  :  S  a  D  . 
      n  h  o  f  u     e  n  a     n  a     n  a     n  a     n  h  o  f  a     h  n  e    
      d  e  n     s     b  d  v     d  b     d  a     d  b     d  e  n     a     e  d  d    
            s     h     a     i        t        m        t           s     m     b     a    
                              l        a        a        e                 a     a     n    
                              a                          c                 h                
                              h                          h                                  
                                                         a                                  

  Alignment 3  KEY: ( ) = guessed, * = sure, ? = possible
  ------------------------------------------
 |(*)                                        | Und
 |   (*)                                     | Kusch
 |      (*)                                  | zeugte
 |         (*)                               | Nimrod
 |            (*)                            | ,
 |         ( )    ?                          | selbiger
 |                  (*)                      | fing
 |                   *          ( )          | an
 |            ( )                            | ,
 |         ( )                *              | gewaltig
 |                     (*)                   | zu
 |                        (*)                | werden
 |                              (*)          | auf
 |                                 (*)       | der
 |                                    (*)    | Erde
 |                                       (*) | .
  ------------------------------------------
   A  C  b  N  :  h  b  t  b  m  o  t  e  . 
   n  u  e  i     e  e  o  e  i  n  h  a    
   d  s  g  m        g        g     e  r    
      h  o  r        a        h        t    
         t  o        n        t        h    
            d                 y             

  Alignment 4  KEY: ( ) = guessed, * = sure, ? = possible
  ---------------------------------------------------------
 |   (*)                                                    | Und
 |      (*)                                                 | Mizraim
 |         (*)                                              | zeugte
 |             * ( )                                        | die
 |                *          ( )                            | Ludim
 |                     (*)                                  | und
 |               ( )       *                                | die
 |                           (*)                            | Anamim
 |                     ( )          *                       | und
 |               ( )                   *                    | die
 |                                       (*)                | Lehabim
 |                     ( )                      *           | und
 |               ( )                               *        | die
 |                                                   (*)    | Naphthuhim
  ---------------------------------------------------------
   —  A  M  b  t  L  ,  a  t  A  ,  a  t  L  ,  a  t  N  , 
      n  i  e  h  u     n  h  n     n  h  e     n  h  a    
      d  z  g  e  d     d  e  a     d  e  h     d  e  p    
         r  o     i           m           a           h    
         a  t     m           i           b           t    
         i                    m           i           u    
         m                                m           h    
                                                      i    
                                                      m    

  Alignment 5  KEY: ( ) = guessed, * = sure, ? = possible
  ---------------------------------------------------------------------------------------------
 |(*)                                                                                           | Die
 |   (*)                                                                                        | Söhne
 |         (*)                                                                                  | Sems
 |            (*)                                                                               | :
 |               (*)                                                                            | Elam
 |                     (*)                                                                      | und
 |                        (*)                                                                   | Assur
 |                     ( )       *                                                              | und
 |                                 (*)                                                          | Arphachsad
 |                     ( )                *                                                     | und
 |                                          (*)                                                 | Lud
 |                     ( )                         *                                            | und
 |                                                   (*)                                        | Aram
 |                     ( )                                  *                                   | und
 |                                                            (*)                               | Uz
 |                     ( )                                           *                          | und
 |                                                                     (*)                      | Hul
 |                     ( )                                                    *                 | und
 |                                                                              (*)             | Gether
 |                     ( )                                                             *        | und
 |                                                                                       (*)    | Mesech
 |                                                                                          (*) | .
  ---------------------------------------------------------------------------------------------
   T  s  o  S  :  E  ,  a  A  ,  a  A  ,  a  L  ,  a  A  ,  a  U  ,  a  H  ,  a  G  ,  a  M  . 
   h  o  f  h     l     n  s     n  r     n  u     n  r     n  z     n  u     n  e     n  e    
   e  n     e     a     d  s     d  p     d  d     d  a     d        d  l     d  t     d  s    
      s     m     m        h        h                 m                          h        h    
                           u        a                                            e        e    
                           r        x                                            r        c    
                                    a                                                     h    
                                    d                                                          

  Alignment 6  KEY: ( ) = guessed, * = sure, ? = possible
  ---------------------------------
 |   (*)                            | Und
 |      (*)                         | Arphachsad
 |         (*)                      | zeugte
 |            (*)                   | Selah
 |               (*)                | ,
 |                  (*)             | und
 |            ( )       *           | Selah
 |         ( )             *        | zeugte
 |                           (*)    | Eber
 |                              (*) | .
  ---------------------------------
   —  A  A  b  S  ,  a  S  b  E  . 
      n  r  e  h     n  h  e  b    
      d  p  g  e     d  e  g  e    
         h  o  l        l  o  r    
         a  t  a        a  t       
         x     h        h          
         a                         
         d                         

  Alignment 7  KEY: ( ) = guessed, * = sure, ? = possible
  ------------------------------------------------------------------------------------------------------------------------------------------------
 |(*)                                                                                                                                              | Und
 |      (*)                                                                                                                                        | Eber
 |         (*)                                                                                                                                     | wurden
 |               (*)                                                                                                                               | zwei
 |                  (*)                                                                                                                            | Söhne
 |            (*)                                                                                                                                  | geboren
 |                      *                      ( )                                                                                                 | ,
 |                        (*)                                                                                                                      | der
 |                           (*)                                                                                                                   | Name
 |                               ?  ?                                                    ( )                                                       | des
 |                                    (*)                                                                                                          | einen
 |                                       (*)                                                                                                       | war
 |                                          (*)                                                                                                    | Peleg
 |                                             (*)                                                                                                 | ,
 |                                                 *                                                                                        ( )    | weil
 |                                                   (*)                                                                                           | in
 |                                                      (*)                                                                                        | seinen
 |                                                         (*)                                                                                     | Tagen
 |                        ( )                                     *                                                                                | die
 |                                                                  (*)                                                                            | Erde
 |                                                                      *                                                                   ( )    | vertheilt
 |                                                             *                                                                            ( )    | wurde
 |                                             ( )                         *                                                                       | ,
 |                                                                           (*)                                                                   | und
 |                        ( )                                                                                                                      | der
 |                           ( )                                                             *                                                     | Name
 |                                                      ( )                      *                                                                 | seines
 |                                                                                 (*)                                                             | Bruders
 |                                       ( )                                                    *                                                  | war
 |                                                                                                (*)                                              | Joktan
 |                                                                                                   (*)                                           | .
 |( )                                                                                                    *                                         | Und
 |                                                                                                ( )       *                                      | Joktan
 |                                                                                                            (*)                                  | zeugte
 |                                                                                                               (*)                               | Almodad
 |                                                                           ( )                                        *                          | und
 |                                                                                                                        (*)                      | Seleph
 |                                                                           ( )                                                 *                 | und
 |                                                                                                                                 (*)             | Hazarmaveth
 |                                                                           ( )                                                          *        | und
 |                                                                                                                                          (*)    | Jarah
  ------------------------------------------------------------------------------------------------------------------------------------------------
   A  t  E  w  b  t  s  :  t  n  o  t  o  w  P  ,  f  i  h  d  w  t  e  d  ;  a  h  b  '  s  n  w  J  .  A  J  b  A  ,  a  S  ,  a  H  ,  a  J  , 
   n  o  b  e  o  w  o     h  a  f  h  n  a  e     o  n  i  a  a  h  a  i     n  i  r        a  a  o     n  o  e  l     n  h     n  a     n  e    
   d     e  r  r  o  n     e  m     e  e  s  l     r     s  y  s  e  r  v     d  s  o        m  s  k     d  k  g  m     d  e     d  z     d  r    
         r  e  n     s        e              e              s        t  i           t        e     t        t  o  o        l        a        a    
                                             g                       h  d           h              a        a  t  d        e        r        h    
                                                                        e           e              n        n     a        p        m             
                                                                        d           r                             d        h        a             
                                                                                                                                    v             
                                                                                                                                    e             
                                                                                                                                    t             
                                                                                                                                    h             

  Alignment 8  KEY: ( ) = guessed, * = sure, ? = possible
  ------------------------------------------------------
 |(*)                                                    | und
 |   (*)                                                 | Hadoram
 |( )       *                                            | und
 |            (*)                                        | Usal
 |( )                *                                   | und
 |                     (*)                               | Dikla
 |( )                         *                          | und
 |                              (*)                      | Ebal
 |( )                                  *                 | und
 |                                       (*)             | Abimael
 |( )                                           *        | und
 |                     ( )                         *     | Scheba
  ------------------------------------------------------
   a  H  ,  a  U  ,  a  D  ,  a  E  ,  a  A  ,  a  S  , 
   n  a     n  z     n  i     n  b     n  b     n  h    
   d  d     d  a     d  k     d  a     d  i     d  e    
      o        l        l        l        m        b    
      r                 a                 a        a    
      a                 h                 e             
      m                                   l             

  Alignment 9  KEY: ( ) = guessed, * = sure, ? = possible
  ------------------------------------------------------------------
 |(*)                                                                | und
 |   (*)                                                             | Ophir
 |( )       *                                                        | und
 |            (*)                                                    | Hevila
 |( )                                                                | und
 |                   * (*)                                           | Jobab
 |                         *                   ( )                   | .
 |                            *             ( )                      | Alle
 |                              (*)                                  | diese
 |                                  *             ( )                | sind
 |                                    (*)                            | Söhne
 |                                          (*)                      | Joktans
 |                                             (*)                   | .
 |                                                (*)                | Sem
 |      ( )                                           *              | ,
 |                                                      (*)          | Arphachsad
 |      ( )                                                 *        | ,
 |                                                            (*)    | Selah
 |      ( )                                                       *  | ,
  ------------------------------------------------------------------
   a  O  ,  a  H  ,  a  J  :  a  t  w  s  o  J  .  S  ,  A  ,  S  , 
   n  p     n  a     n  o     l  h  e  o  f  o     h     r     h    
   d  h     d  v     d  b     l  e  r  n     k     e     p     e    
      i        i        a        s  e  s     t     m     h     l    
      r        l        b        e           a           a     a    
               a                             n           x     h    
               h                                         a          
                                                         d          

  Alignment 10  KEY: ( ) = guessed, * = sure, ? = possible
  ------------------------------------
 |(*)                                  | Eber
 |   (*)                               | ,
 |      (*)                            | Peleg
 |   ( )    *                          | ,
 |            (*)                      | Regu
 |                  (*)                | Serug
 |   ( )                *              | ,
 |                        (*)          | Nahor
 |   ( )                      *        | ,
 |                              (*)    | Tharah
 |   ( )                            *  | ,
  ------------------------------------
   E  ,  P  ,  R  ,  S  ,  N  ,  T  , 
   b     e     e     e     a     e    
   e     l     u     r     h     r    
   r     e           u     o     a    
         g           g     r     h    

  Alignment 11  KEY: ( ) = guessed, * = sure, ? = possible
  ---------------------
 |(*)                   | Abram
 |   (*)                | ,
 |      (*)             | das
 |            (*)       | ist
 |               (*)    | Abraham
 |                  (*) | .
  ---------------------
   A  :  t  s  i  A  . 
   b     h  a  s  b    
   r     e  m     r    
   a        e     a    
   m              h    
                  a    
                  m    

  Alignment 12  KEY: ( ) = guessed, * = sure, ? = possible
  ---------------------------
 |(*)                         | Die
 |   (*)                      | Söhne
 |         (*)                | Abrahams
 |            (*)             | :
 |               (*)          | Isaak
 |                  (*)       | und
 |                     (*)    | Ismael
 |                        (*) | .
  ---------------------------
   T  s  o  A  :  I  a  I  . 
   h  o  f  b     s  n  s    
   e  n     r     a  d  h    
      s     a     a     m    
            h     c     a    
            a           e    
            m           l    

  Alignment 13  KEY: ( ) = guessed, * = sure, ? = possible
  ------------------------------------------------------------------------------------------------
 |(*)                                                                                              | Dies
 |   (*)                                                                                           | sind
 |      (*)                                                                                        | ihre
 |         (*)                                                                                     | Geschlechter
 |            (*)                                                                                  | :
 |               (*)                                                                               | der
 |                  (*)                                                                            | Erstgeborne
 |                         *    ( )                                                                | Ismaels
 |                               *                ( )                                              | Nebajoth
 |                           ( )    *                                                              | ,
 |                                    (*)                                                          | und
 |                                       (*)                                                       | Kedar
 |                                    ( )       *                                                  | und
 |                                                (*)                                              | Adbeel
 |                                    ( )                *                                         | und
 |                                                         (*)                                     | Mibsam
 |                           ( )                               *                                   | ,
 |                                                               (*)                               | Misma
 |                                    ( )                            *                             | und
 |                                                                     (*)                         | Duma
 |                           ( )                                           *                       | ,
 |                                                                           (*)                   | Massa
 |                           ( )                                                 *                 | ,
 |                                                                                 (*)             | Hadad
 |                                    ( )                                                 *        | und
 |                                                                                          (*)    | Thema
 |                           ( )                                                                *  | ,
  ------------------------------------------------------------------------------------------------
   T  a  t  g  :  t  f  o  I  ,  N  ;  a  K  ,  a  A  ,  a  M  ;  M  a  D  ;  M  ,  H  ,  a  T  ; 
   h  r  h  e     h  i  f  s     e     n  e     n  d     n  i     i  n  u     a     a     n  e    
   e  e  e  n     e  r     h     b     d  d     d  b     d  b     s  d  m     s     d     d  m    
   s     i  e        s     m     a        a        e        s     h     a     s     a        a    
   e     r  r        t     a     i        r        e        a     m     h     a     d             
            a        b     e     o                 l        m     a                               
            t        o     l     t                                                                
            i        r           h                                                                
            o        n                                                                            
            n                                                                                     
            s                                                                                     

  Alignment 14  KEY: ( ) = guessed, * = sure, ? = possible
  ------------------------------------------
 |(*)                                        | Jetur
 |   (*)                                     | ,
 |      (*)                                  | Naphis
 |            (*)                            | und
 |               (*)                         | Kedma
 |                  (*)                      | ;
 |                      *    ( )             | das
 |                        (*)                | sind
 |                     ( )    *              | die
 |                              (*)          | Söhne
 |                                    (*)    | Ismaels
 |                                       (*) | .
  ------------------------------------------
   J  ,  N  ,  a  K  :  t  a  t  s  o  I  . 
   e     a     n  e     h  r  h  o  f  s    
   t     p     d  d     o  e  e  n     h    
   u     h        m     s        s     m    
   r     i        a     e              a    
         s        h                    e    
         h                             l    

Precision = 0.646388
Recall = 0.661479
AER = 0.346154
