  Alignment 0  KEY: ( ) = guessed, * = sure, ? = possible
  ------------------------------------------
 |(*)                                        | And
 |   (*)                                     | the
 |      (*)                                  | sonnes
 |         (*)                               | of
 |            (*)                            | Iauan
 |               (*)                         | :
 |                  (*)                      | Elishah
 |                           ( )             | ,
 |                     (*)                   | and
 |                        (*)                | Tarshish
 |                           (*)             | ,
 |                              (*)          | Kittim
 |                           ( )             | ,
 |                     ( )          *        | and
 |                                    (*)    | Dodanim
 |                                       (*) | .
  ------------------------------------------
   A  t  s  o  J  :  E  a  T  ,  K  a  R  . 
   n  h  o  f  a     l  n  a     i  n  o    
   d  e  n     v     i  d  r     t  d  d    
         s     a     s     s     t     a    
               n     h     h     i     n    
                     a     i     m     i    
                     h     s           m    
                           h                

  Alignment 1  KEY: ( ) = guessed, * = sure, ? = possible
  ---------------------------------------
 |                           ( )          | ¶
 |(*)                                     | The
 |   (*)                                  | sonnes
 |      (*)                               | of
 |         (*)                            | Ham
 |            (*)                         | :
 |               (*)                      | Cush
 |                        ( )             | ,
 |                  (*)                   | and
 |                     (*)                | Mizraim
 |                        (*)             | ,
 |                           (*)          | Put
 |                        ( )    *        | ,
 |                  ( )          *        | and
 |                                 (*)    | Canaan
 |                                    (*) | .
  ---------------------------------------
   T  s  o  H  :  C  a  M  ,  P  a  C  . 
   h  o  f  a     u  n  i     h  n  a    
   e  n     m     s  d  z     u  d  n    
      s           h     r     t     a    
                        a           a    
                        i           n    
                        m                

  Alignment 2  KEY: ( ) = guessed, * = sure, ? = possible
  ------------------------------------------------------------------------------------------
 |   (*)                                                                                     | And
 |      (*)                                                                                  | the
 |         (*)                                                                               | sonnes
 |            (*)                                                                            | of
 |               (*)                                                                         | Cush
 |                  (*)                                                                      | :
 |                      *             ( )                                                    | Siba
 |                              ( )                                                          | ,
 |                        (*)                                                                | and
 |                           (*)                                                             | Hauilah
 |                              (*)                                                          | ,
 |                        ( )       *                                                        | and
 |                                     *                ( )                                  | Sabta
 |                              ( )       *                                                  | ,
 |                        ( )                *                                               | and
 |                                              *                         ( )                | Raamah
 |                              ( )                *                                         | ,
 |                        ( )                         *                                      | and
 |                                                      (*)                                  | Sabtecha
 |                  ( )                                     *                                | :
 |                        ( )                                  *                             | and
 |      ( )                                                       *                          | the
 |         ( )                                                       *                       | sonnes
 |            ( )                                                       *                    | of
 |                                                                        (*)                | Raamah
 |                  ( )                                                       *              | :
 |                                                                              (*)          | Sheba
 |                              ( )                                                          | ,
 |                        ( )                                                       *        | and
 |                                                                                    (*)    | Dedan
 |                                                         ( )                            *  | .
  ------------------------------------------------------------------------------------------
   —  A  t  s  o  C  :  S  a  H  ,  a  S  ,  a  R  ,  a  S  .  A  t  s  o  R  :  S  a  D  . 
      n  h  o  f  u     e  n  a     n  a     n  a     n  a     n  h  o  f  a     h  n  e    
      d  e  n     s     b  d  v     d  b     d  a     d  b     d  e  n     a     e  d  d    
            s     h     a     i        t        m        t           s     m     b     a    
                              l        a        a        e                 a     a     n    
                              a                          c                 h                
                              h                          h                                  
                                                         a                                  

  Alignment 3  KEY: ( ) = guessed, * = sure, ? = possible
  ------------------------------------------
 |(*)                                        | And
 |   (*)                                     | Cush
 |      (*)                                  | begate
 |         (*)                               | Nimrod
 |            (*)                            | :
 |               (*)                         | hee
 |                  (*)                      | began
 |                     (*)                   | to
 |                        (*)                | be
 |                           (*)             | mightie
 |                              (*)          | vpon
 |                                 (*)       | the
 |                                    (*)    | earth
 |                                       (*) | .
  ------------------------------------------
   A  C  b  N  :  h  b  t  b  m  o  t  e  . 
   n  u  e  i     e  e  o  e  i  n  h  a    
   d  s  g  m        g        g     e  r    
      h  o  r        a        h        t    
         t  o        n        t        h    
            d                 y             

  Alignment 4  KEY: ( ) = guessed, * = sure, ? = possible
  ---------------------------------------------------------
 |   (*)                                                    | And
 |      (*)                                                 | Mizraim
 |         (*)                                              | begate
 |                *          ( )                            | Ludim
 |                  (*)                                     | ,
 |                     (*)                                  | and
 |                           (*)                            | Anamim
 |                  ( )                                     | ,
 |                     ( )          *                       | and
 |                                       (*)                | Lehabim
 |                  ( )                      *              | ,
 |                     ( )                      *           | and
 |                                                   (*)    | Naphtuhim
 |                  ( )                                  *  | ,
  ---------------------------------------------------------
   —  A  M  b  t  L  ,  a  t  A  ,  a  t  L  ,  a  t  N  , 
      n  i  e  h  u     n  h  n     n  h  e     n  h  a    
      d  z  g  e  d     d  e  a     d  e  h     d  e  p    
         r  o     i           m           a           h    
         a  t     m           i           b           t    
         i                    m           i           u    
         m                                m           h    
                                                      i    
                                                      m    

  Alignment 5  KEY: ( ) = guessed, * = sure, ? = possible
  ------------------------------------------------------
 |(*)                                                    | And
 |      (*)                                              | Pathrusim
 |         (*)                                           | ,
 |( )          *                                         | and
 |                  (*)                                  | Casluhim
 |                  ( )                                  | (
 |                        (*)                            | of
 |                            *                   ( )    | whome
 |                              (*)                      | came
 |   ( )                            *                    | the
 |                                    (*)                | Philistines
 |                  ( )                                  | )
 |( )                                        *           | and
 |                                                (*)    | Caphthorim
 |                                                   (*) | .
  ------------------------------------------------------
   a  t  P  ,  a  t  C  o  o  w  c  t  P  ,  a  t  C  . 
   n  h  a     n  h  a  u  f  h  a  h  h     n  h  a    
   d  e  t     d  e  s  t     o  m  e  i     d  e  p    
         h           l        m  e     l           h    
         r           u                 i           t    
         u           h                 s           o    
         s           i                 t           r    
         i           m                 i           i    
         m                             n           m    
                                       e                
                                       s                

  Alignment 6  KEY: ( ) = guessed, * = sure, ? = possible
  ---------------------------------------------------------------------
 |   (*)                                                                | And
 |      (*)                                                             | Canaan
 |         (*)                                                          | begate
 |            (*)                                                       | Zidon
 |               (*)                                                    | his
 |                  (*)                                                 | first
 |                  (*)                                                 | borne
 |                     (*)                                              | ,
 |                        (*)                                           | and
 |                           (*)                                        | Heth
 |( )                            *                                      | .
 |                           ( )       *                                | The
 |                                       (*)                            | Iebusite
 |                                  *                            ( )    | also
 |                     ( )                   *                          | ,
 |                        ( )                   *                       | and
 |                                    ( )          *                    | the
 |                                                   (*)                | Amorite
 |                     ( )                               *              | ,
 |                        ( )                               *           | and
 |                                    ( )                      *        | the
 |                                                               (*)    | Girgashite
 |                     ( )                                           *  | ,
  ---------------------------------------------------------------------
   —  A  C  b  Z  h  f  ,  a  H  ,  a  t  J  ,  a  t  A  ,  a  t  G  , 
      n  a  e  i  i  i     n  e     n  h  e     n  h  m     n  h  i    
      d  n  g  d  s  r     d  t     d  e  b     d  e  o     d  e  r    
         a  o  o     s        h           u           r           g    
         a  t  n     t                    s           i           a    
         n           b                    i           t           s    
                     o                    t           e           h    
                     r                    e                       i    
                     n                                            t    
                                                                  e    

  Alignment 7  KEY: ( ) = guessed, * = sure, ? = possible
  ------------------------------------------------------------------------
 | *                ( )                                                    | And
 |   (*)                                                                   | the
 |      (*)                                                                | Hiuite
 |         (*)                                                             | ,
 |( )          *                                                           | and
 |   ( )          *                                                        | the
 |                  (*)                                                    | Arkite
 |         ( )          *                                                  | ,
 |( )                      *                                               | and
 |   ( )                      *                                            | the
 |                              (*)                                        | Sinite
 |         ( )                      *                                      | ,
 |                  ( )                *                                   | And
 |   ( )                                  *                                | the
 |                                          (*)                            | Aruadite
 |         ( )                                  *                          | ,
 |( )                                              *                       | and
 |   ( )                                              *                    | the
 |                                                      (*)                | Zemarite
 |         ( )                                              *              | ,
 |( )                                                          *           | and
 |   ( )                                                          *        | the
 |                                                                  (*)    | Hamathite
 |                                                                     (*) | .
  ------------------------------------------------------------------------
   a  t  H  ,  a  t  A  ,  a  t  S  ,  a  t  A  ,  a  t  Z  ,  a  t  H  . 
   n  h  i     n  h  r     n  h  i     n  h  r     n  h  e     n  h  a    
   d  e  v     d  e  k     d  e  n     d  e  v     d  e  m     d  e  m    
         i           i           i           a           a           a    
         t           t           t           d           r           t    
         e           e           e           i           i           h    
                                             t           t           i    
                                             e           e           t    
                                                                     e    

  Alignment 8  KEY: ( ) = guessed, * = sure, ? = possible
  ---------------------------------------------------------------------------------------------
 |         ( )                                                                                  | ¶
 |(*)                                                                                           | The
 |   (*)                                                                                        | sonnes
 |      (*)                                                                                     | of
 |         (*)                                                                                  | Shem
 |            (*)                                                                               | :
 |               (*)                                                                            | Elam
 |                  (*)                                                                         | ,
 |                     (*)                                                                      | and
 |                        (*)                                                                   | Asshur
 |                  ( )       *                                                                 | ,
 |                     ( )       *                                                              | and
 |                                 (*)                                                          | Arphaxad
 |                  ( )                *                                                        | ,
 |                     ( )                *                                                     | and
 |                                          (*)                                                 | Lud
 |                  ( )                         *                                               | ,
 |                     ( )                         *                                            | and
 |                                                   (*)                                        | Aram
 |                  ( )                                  *                                      | ,
 |                     ( )                                  *                                   | and
 |                                                            (*)                               | Uz
 |                  ( )                                           *                             | ,
 |                                                                   * ( )                      | &
 |                                                                     (*)                      | Hul
 |                  ( )                                                    *                    | ,
 |                     ( )                                                    *                 | and
 |                                                                              (*)             | Gether
 |                  ( )                                                             *           | ,
 |                     ( )                                                             *        | and
 |                                                                                       (*)    | Meshech
 |                                                                                          (*) | .
  ---------------------------------------------------------------------------------------------
   T  s  o  S  :  E  ,  a  A  ,  a  A  ,  a  L  ,  a  A  ,  a  U  ,  a  H  ,  a  G  ,  a  M  . 
   h  o  f  h     l     n  s     n  r     n  u     n  r     n  z     n  u     n  e     n  e    
   e  n     e     a     d  s     d  p     d  d     d  a     d        d  l     d  t     d  s    
      s     m     m        h        h                 m                          h        h    
                           u        a                                            e        e    
                           r        x                                            r        c    
                                    a                                                     h    
                                    d                                                          

  Alignment 9  KEY: ( ) = guessed, * = sure, ? = possible
  ---------------------------------
 |   (*)                            | And
 |      (*)                         | Arphaxad
 |         (*)                      | begate
 |            (*)                   | Shelah
 |               (*)                | ,
 |                  (*)             | and
 |            ( )       *           | Shelah
 |         ( )             *        | begate
 |                           (*)    | Eber
 |                              (*) | .
  ---------------------------------
   —  A  A  b  S  ,  a  S  b  E  . 
      n  r  e  h     n  h  e  b    
      d  p  g  e     d  e  g  e    
         h  o  l        l  o  r    
         a  t  a        a  t       
         x     h        h          
         a                         
         d                         

  Alignment 10  KEY: ( ) = guessed, * = sure, ? = possible
  ------------------------------------------------------------------------------------------------------------------------------------------------
 |(*)                                                                                                                                              | And
 |   (*)                                                                                                                                           | vnto
 |      (*)                                                                                                                                        | Eber
 |         (*)                                                                                                                                     | were
 |            (*)                                                                                                                                  | borne
 |               (*)                                                                                                                               | two
 |                  (*)                                                                                                                            | sonnes
 |                     (*)                                                                                                                         | :
 |                        (*)                                                                                                                      | the
 |                           (*)                                                                                                                   | name
 |                              (*)                                                                                                                | of
 |                        ( )       *                                                                                                              | the
 |                                    (*)                                                                                                          | one
 |                                       (*)                                                                                                       | was
 |                                          (*)                                                                                                    | Peleg
 |                                             (*)                                                                                                 | ,
 |                                                                                                                                          ( )    | (
 |                                                 *                                                                                        ( )    | because
 |                                                   (*)                                                                                           | in
 |                                                      (*)                                                                                        | his
 |                                                         (*)                                                                                     | dayes
 |                        ( )                                     *                                                                                | the
 |                                                                  (*)                                                                            | earth
 |                                       ( )                   *                                                                                   | was
 |                                                                     (*)                                                                         | diuided
 |                                                                                                                                          ( )    | )
 |                                                                           (*)                                                                   | and
 |                                                      ( )                      *                                                                 | his
 |                                                                                  *                                     ( )                      | brothers
 |                           ( )                                                             *                                                     | name
 |                                       ( )                                                    *                                                  | was
 |                                                                                                (*)                                              | Ioktan
 |                                                                                                   (*)                                           | .
 |( )                                                                                                    *                                         | And
 |                                                                                                ( )       *                                      | Ioktan
 |                                                                                                            (*)                                  | begate
 |                                                                                                               (*)                               | Almodad
 |                                             ( )                                                                   *                             | ,
 |                                                                           ( )                                        *                          | and
 |                                                                                                                        (*)                      | Sheleph
 |                                             ( )                                                                            *                    | ,
 |                                                                           ( )                                                 *                 | and
 |                                                                                                                                 (*)             | Hazermaueth
 |                                             ( )                                                                                     *           | ,
 |                                                                           ( )                                                          *        | and
 |                                                                                                                                          (*)    | Ierah
 |                                             ( )                                                                                              *  | ,
  ------------------------------------------------------------------------------------------------------------------------------------------------
   A  t  E  w  b  t  s  :  t  n  o  t  o  w  P  ,  f  i  h  d  w  t  e  d  ;  a  h  b  '  s  n  w  J  .  A  J  b  A  ,  a  S  ,  a  H  ,  a  J  , 
   n  o  b  e  o  w  o     h  a  f  h  n  a  e     o  n  i  a  a  h  a  i     n  i  r        a  a  o     n  o  e  l     n  h     n  a     n  e    
   d     e  r  r  o  n     e  m     e  e  s  l     r     s  y  s  e  r  v     d  s  o        m  s  k     d  k  g  m     d  e     d  z     d  r    
         r  e  n     s        e              e              s        t  i           t        e     t        t  o  o        l        a        a    
                                             g                       h  d           h              a        a  t  d        e        r        h    
                                                                        e           e              n        n     a        p        m             
                                                                        d           r                             d        h        a             
                                                                                                                                    v             
                                                                                                                                    e             
                                                                                                                                    t             
                                                                                                                                    h             

  Alignment 11  KEY: ( ) = guessed, * = sure, ? = possible
  ------------------------------------------------------
 |   (*)                                                 | Hadoram
 | *          ( )                                        | also
 |      (*)                                              | ,
 |( )       *                                            | and
 |            (*)                                        | Uzal
 |      ( )       *                                      | ,
 |( )                *                                   | and
 |                     (*)                               | Diklah
 |      ( )                *                             | ,
 |                            *          ( )             | And
 |                              (*)                      | Ebal
 |      ( )                         *                    | ,
 |( )                                  *                 | and
 |                                       (*)             | Abimael
 |      ( )                                  *           | ,
 |( )                                           *        | and
 |                                                (*)    | Sheba
 |      ( )                                           *  | ,
  ------------------------------------------------------
   a  H  ,  a  U  ,  a  D  ,  a  E  ,  a  A  ,  a  S  , 
   n  a     n  z     n  i     n  b     n  b     n  h    
   d  d     d  a     d  k     d  a     d  i     d  e    
      o        l        l        l        m        b    
      r                 a                 a        a    
      a                 h                 e             
      m                                   l             

  Alignment 12  KEY: ( ) = guessed, * = sure, ? = possible
  ------------------------------------------------------------------
 |(*)                                                                | And
 |   (*)                                                             | Ophir
 |      (*)                                                          | ,
 |( )       *                                                        | and
 |            (*)                                                    | Hauilah
 |      ( )       *                                                  | ,
 |( )                *                                               | and
 |                     (*)                                           | Iobab
 |                        (*)                                        | :
 |                           (*)                                     | all
 |                              (*)                                  | these
 |                                 (*)                               | were
 |                                       ( )                         | the
 |                                    (*)                            | sonnes
 |                                       (*)                         | of
 |                                          (*)                      | Ioktan
 |                                             (*)                   | .
 |                                                ( )                | ¶
 |                                                (*)                | Shem
 |      ( )                                           *              | ,
 |                                                      (*)          | Arphaxad
 |      ( )                                                 *        | ,
 |                                                            (*)    | Shelah
 |      ( )                                                       *  | ,
  ------------------------------------------------------------------
   a  O  ,  a  H  ,  a  J  :  a  t  w  s  o  J  .  S  ,  A  ,  S  , 
   n  p     n  a     n  o     l  h  e  o  f  o     h     r     h    
   d  h     d  v     d  b     l  e  r  n     k     e     p     e    
      i        i        a        s  e  s     t     m     h     l    
      r        l        b        e           a           a     a    
               a                             n           x     h    
               h                                         a          
                                                         d          

  Alignment 13  KEY: ( ) = guessed, * = sure, ? = possible
  ------------------------------------
 |(*)                                  | Eber
 |   (*)                               | ,
 |      (*)                            | Peleg
 |   ( )    *                          | ,
 |             *    ( )                | Rehu
 |   ( )          *                    | ,
 |                  (*)                | Serug
 |   ( )                *              | ,
 |                        (*)          | Nahor
 |   ( )                      *        | ,
 |                              (*)    | Terah
 |   ( )                            *  | ,
  ------------------------------------
   E  ,  P  ,  R  ,  S  ,  N  ,  T  , 
   b     e     e     e     a     e    
   e     l     u     r     h     r    
   r     e           u     o     a    
         g           g     r     h    

  Alignment 14  KEY: ( ) = guessed, * = sure, ? = possible
  ---------------------
 |(*)                   | Abram
 |    *             ( ) | ,
 |      (*)             | the
 |         (*)          | same
 |            (*)       | is
 |               (*)    | Abraham
 |                  (*) | .
  ---------------------
   A  :  t  s  i  A  . 
   b     h  a  s  b    
   r     e  m     r    
   a        e     a    
   m              h    
                  a    
                  m    

Precision = 0.590759
Recall = 0.619377
AER = 0.395270
